<?xml version="1.0" encoding="UTF-8"?>
<!-- Generated by org.testng.reporters.JUnitReportReporter -->
<testsuite hostname="Sasikumar" failures="0" tests="1" name="org.playwright.basics.Basics" time="0.021" errors="0" timestamp="2025-09-10T14:06:55 IST" skipped="0">
  <testcase classname="org.playwright.basics.Basics" name="testOne" time="0.021"/>
</testsuite> <!-- org.playwright.basics.Basics -->
