<?xml version="1.0" encoding="UTF-8"?>
<!-- Generated by org.testng.reporters.JUnitReportReporter -->
<testsuite hostname="Sasikumar" failures="0" tests="1" name="org.playwright.locators.Locators" time="18.133" errors="0" timestamp="2025-09-10T14:27:15 IST" skipped="0">
  <testcase classname="org.playwright.locators.Locators" name="testLocators" time="18.133"/>
</testsuite> <!-- org.playwright.locators.Locators -->
