<?xml version="1.0" encoding="UTF-8"?>
<!-- Generated by org.testng.reporters.JUnitReportReporter -->
<testsuite hostname="Sasikumar" failures="0" tests="1" name="org.playwright.alerts.AlertsDemo" time="23.764" errors="0" timestamp="2025-09-10T15:40:38 IST" skipped="0">
  <testcase classname="org.playwright.alerts.AlertsDemo" name="testOne" time="23.764"/>
</testsuite> <!-- org.playwright.alerts.AlertsDemo -->
